[0303/152616.575:ERROR:process_info.cc(608)] range at 0x71eb2bfe00000000, size 0x213 fully unreadable
[0303/152616.577:ERROR:process_info.cc(608)] range at 0x71eb2c6000000000, size 0x213 fully unreadable
[0303/152616.577:ERROR:process_info.cc(608)] range at 0x0, size 0x213 fully unreadable
[0303/152616.602:WARNING:in_range_cast.h(38)] value 2282538866678 out of range
[0303/152616.602:WARNING:in_range_cast.h(38)] value 2282538863914 out of range
[0303/152616.602:WARNING:in_range_cast.h(38)] value 2282538866718 out of range
[0303/152616.602:WARNING:in_range_cast.h(38)] value 2282539530496 out of range
[0303/152616.648:ERROR:process_reader_win.cc(233)] ReadMemory at 0x2376ced000 of 77824 bytes failed: 仅完成部分的 ReadProcessMemory 或 WriteProcessMemory 请求。 (0x12B)
[0303/152616.648:ERROR:crash_report_exception_handler.cc(111)] WriteEverything failed
[0303/152616.652:ERROR:scoped_process_suspend.cc(38)] NtResumeProcess: 已尝试访问正在退出的过程。  (0xc000010a)
[0303/152617.461:ERROR:process_info.cc(608)] range at 0x7aad2bfc00000000, size 0x1f1 fully unreadable
[0303/152617.463:ERROR:process_info.cc(608)] range at 0x7aad2c5e00000000, size 0x1f1 fully unreadable
[0303/152617.463:ERROR:process_info.cc(608)] range at 0x0, size 0x1f1 fully unreadable
[0303/152617.510:WARNING:in_range_cast.h(38)] value 2136656910326 out of range
[0303/152617.510:WARNING:in_range_cast.h(38)] value 2136656907562 out of range
[0303/152617.510:WARNING:in_range_cast.h(38)] value 2136656910366 out of range
[0303/152617.510:WARNING:in_range_cast.h(38)] value 2136657569968 out of range
[0303/152617.557:ERROR:process_reader_win.cc(233)] ReadMemory at 0x7927d9e000 of 73728 bytes failed: 仅完成部分的 ReadProcessMemory 或 WriteProcessMemory 请求。 (0x12B)
[0303/152617.558:ERROR:crash_report_exception_handler.cc(111)] WriteEverything failed
[0303/152617.559:ERROR:scoped_process_suspend.cc(38)] NtResumeProcess: 已尝试访问正在退出的过程。  (0xc000010a)
[0303/152617.964:ERROR:process_info.cc(608)] range at 0x127f2bfe00000000, size 0x229 fully unreadable
[0303/152617.965:ERROR:process_info.cc(608)] range at 0x127f2c6000000000, size 0x229 fully unreadable
[0303/152617.965:ERROR:process_info.cc(608)] range at 0x0, size 0x229 fully unreadable
[0303/152617.997:WARNING:in_range_cast.h(38)] value 2375427233782 out of range
[0303/152617.998:WARNING:in_range_cast.h(38)] value 2375427231018 out of range
[0303/152617.998:WARNING:in_range_cast.h(38)] value 2375427233822 out of range
[0303/152617.998:WARNING:in_range_cast.h(38)] value 2375427894352 out of range
[0303/152618.050:ERROR:process_reader_win.cc(233)] ReadMemory at 0x7ffce548b6c0 of 512 bytes failed: 仅完成部分的 ReadProcessMemory 或 WriteProcessMemory 请求。 (0x12B)
[0303/152618.052:ERROR:crash_report_exception_handler.cc(111)] WriteEverything failed
[0303/152618.054:ERROR:scoped_process_suspend.cc(38)] NtResumeProcess: 已尝试访问正在退出的过程。  (0xc000010a)
[0303/152903.959:ERROR:process_reader_win.cc(142)] SuspendThread: 拒绝访问。 (0x5)
[0303/152903.962:ERROR:exception_snapshot_win.cc(87)] thread ID 18824 not found in process
[0303/152903.962:WARNING:crash_report_exception_handler.cc(60)] ProcessSnapshotWin::Initialize failed
[0303/152905.366:ERROR:process_info.cc(330)] VirtualQueryEx: 拒绝访问。 (0x5)
[0303/152905.368:ERROR:process_info.cc(547)] ReadMemoryInfo failed
[0303/152905.368:ERROR:process_reader_win.cc(233)] ReadMemory at 0x7ffce54e1160 of 12 bytes failed: 仅完成部分的 ReadProcessMemory 或 WriteProcessMemory 请求。 (0x12B)
[0303/152905.368:WARNING:process_snapshot_win.cc(68)] ReadMemory ExceptionInformation failed
[0303/152905.368:WARNING:crash_report_exception_handler.cc(60)] ProcessSnapshotWin::Initialize failed
[0303/152905.368:ERROR:scoped_process_suspend.cc(38)] NtResumeProcess: 已尝试访问正在退出的过程。  (0xc000010a)
[0303/152905.472:ERROR:process_info.cc(608)] range at 0x92be2bf600000000, size 0x2ba fully unreadable
[0303/152905.472:ERROR:process_info.cc(608)] range at 0x92be2c5800000000, size 0x2ba fully unreadable
[0303/152905.472:ERROR:process_info.cc(608)] range at 0x0, size 0x2ba fully unreadable
[0303/152905.503:WARNING:in_range_cast.h(38)] value 3000349104118 out of range
[0303/152905.503:WARNING:in_range_cast.h(38)] value 3000349101354 out of range
[0303/152905.504:WARNING:in_range_cast.h(38)] value 3000349104158 out of range
[0303/152905.504:WARNING:in_range_cast.h(38)] value 3000349792768 out of range
[0303/152905.542:ERROR:process_reader_win.cc(233)] ReadMemory at 0xc34b37d000 of 77824 bytes failed: 仅完成部分的 ReadProcessMemory 或 WriteProcessMemory 请求。 (0x12B)
[0303/152905.542:ERROR:crash_report_exception_handler.cc(111)] WriteEverything failed
[0303/152905.543:ERROR:scoped_process_suspend.cc(38)] NtResumeProcess: 已尝试访问正在退出的过程。  (0xc000010a)
[0303/152911.194:ERROR:process_info.cc(608)] range at 0x3c322bfa00000000, size 0x288 fully unreadable
[0303/152911.196:ERROR:process_info.cc(608)] range at 0x3c322c5c00000000, size 0x288 fully unreadable
[0303/152911.196:ERROR:process_info.cc(608)] range at 0x0, size 0x288 fully unreadable
[0303/152911.236:WARNING:in_range_cast.h(38)] value 2784148723702 out of range
[0303/152911.236:WARNING:in_range_cast.h(38)] value 2784148720938 out of range
[0303/152911.236:WARNING:in_range_cast.h(38)] value 2784148723742 out of range
[0303/152911.236:WARNING:in_range_cast.h(38)] value 2784149387312 out of range
[0303/152911.275:ERROR:process_reader_win.cc(233)] ReadMemory at 0xe5dd57d000 of 77824 bytes failed: 仅完成部分的 ReadProcessMemory 或 WriteProcessMemory 请求。 (0x12B)
[0303/152911.275:ERROR:crash_report_exception_handler.cc(111)] WriteEverything failed
[0303/152911.277:ERROR:scoped_process_suspend.cc(38)] NtResumeProcess: 已尝试访问正在退出的过程。  (0xc000010a)
[0303/152913.438:ERROR:process_info.cc(608)] range at 0x555b2bfe00000000, size 0x1d8 fully unreadable
[0303/152913.441:ERROR:process_info.cc(608)] range at 0x555b2c6000000000, size 0x1d8 fully unreadable
[0303/152913.441:ERROR:process_info.cc(608)] range at 0x0, size 0x1d8 fully unreadable
[0303/152913.477:WARNING:in_range_cast.h(38)] value 2028656596982 out of range
[0303/152913.477:WARNING:in_range_cast.h(38)] value 2028656594218 out of range
[0303/152913.477:WARNING:in_range_cast.h(38)] value 2028656597022 out of range
[0303/152913.477:WARNING:in_range_cast.h(38)] value 2028657224256 out of range
[0303/152913.524:ERROR:process_reader_win.cc(233)] ReadMemory at 0x31458ed000 of 77824 bytes failed: 仅完成部分的 ReadProcessMemory 或 WriteProcessMemory 请求。 (0x12B)
[0303/152913.525:ERROR:crash_report_exception_handler.cc(111)] WriteEverything failed
[0303/152913.526:ERROR:scoped_process_suspend.cc(38)] NtResumeProcess: 已尝试访问正在退出的过程。  (0xc000010a)
[0303/153824.769:ERROR:process_info.cc(330)] VirtualQueryEx: 拒绝访问。 (0x5)
[0303/153824.770:ERROR:process_info.cc(547)] ReadMemoryInfo failed
[0303/153824.770:ERROR:process_reader_win.cc(233)] ReadMemory at 0x7ffce54e1160 of 12 bytes failed: 仅完成部分的 ReadProcessMemory 或 WriteProcessMemory 请求。 (0x12B)
[0303/153824.770:WARNING:process_snapshot_win.cc(68)] ReadMemory ExceptionInformation failed
[0303/153824.770:WARNING:crash_report_exception_handler.cc(60)] ProcessSnapshotWin::Initialize failed
[0303/153824.770:ERROR:scoped_process_suspend.cc(38)] NtResumeProcess: 已尝试访问正在退出的过程。  (0xc000010a)
[0303/162723.363:ERROR:process_info.cc(608)] range at 0x37312bfe00000000, size 0x149 fully unreadable
[0303/162723.365:ERROR:process_info.cc(608)] range at 0x37312c6000000000, size 0x149 fully unreadable
[0303/162723.365:ERROR:process_info.cc(608)] range at 0x0, size 0x149 fully unreadable
[0303/162723.404:WARNING:in_range_cast.h(38)] value 1413970204662 out of range
[0303/162723.404:WARNING:in_range_cast.h(38)] value 1413970201898 out of range
[0303/162723.404:WARNING:in_range_cast.h(38)] value 1413970204702 out of range
[0303/162723.404:WARNING:in_range_cast.h(38)] value 1413970802368 out of range
[0303/162723.482:ERROR:process_reader_win.cc(233)] ReadMemory at 0x2eb32ed000 of 77824 bytes failed: 仅完成部分的 ReadProcessMemory 或 WriteProcessMemory 请求。 (0x12B)
[0303/162723.483:ERROR:crash_report_exception_handler.cc(111)] WriteEverything failed
[0303/162723.484:ERROR:scoped_process_suspend.cc(38)] NtResumeProcess: 已尝试访问正在退出的过程。  (0xc000010a)
[0303/162750.509:ERROR:process_info.cc(608)] range at 0xde412bfc00000000, size 0x1f3 fully unreadable
[0303/162750.511:ERROR:process_info.cc(608)] range at 0xde412c5e00000000, size 0x1f3 fully unreadable
[0303/162750.511:ERROR:process_info.cc(608)] range at 0x0, size 0x1f3 fully unreadable
[0303/162750.537:WARNING:in_range_cast.h(38)] value 2146917488630 out of range
[0303/162750.537:WARNING:in_range_cast.h(38)] value 2146917485866 out of range
[0303/162750.537:WARNING:in_range_cast.h(38)] value 2146917488670 out of range
[0303/162750.537:WARNING:in_range_cast.h(38)] value 2146918149616 out of range
[0303/162750.569:ERROR:process_reader_win.cc(233)] ReadMemory at 0x259cbcd000 of 77824 bytes failed: 仅完成部分的 ReadProcessMemory 或 WriteProcessMemory 请求。 (0x12B)
[0303/162750.569:ERROR:crash_report_exception_handler.cc(111)] WriteEverything failed
[0303/162750.570:ERROR:scoped_process_suspend.cc(38)] NtResumeProcess: 已尝试访问正在退出的过程。  (0xc000010a)
