[INFO  - 2017-03-03T06:59:00.360Z] GhostDriver - Main - running on port 26833
[INFO  - 2017-03-03T06:59:01.501Z] Session [e1a61780-ffde-11e6-8ccf-8d5f72639810] - page.settings - {"XSSAuditingEnabled":false,"javascriptCanCloseWindows":true,"javascriptCanOpenWindows":true,"javascriptEnabled":true,"loadImages":true,"localToRemoteUrlAccessEnabled":false,"userAgent":"Mozilla/5.0 (Windows NT 6.2; WOW64) AppleWebKit/538.1 (KHTML, like Gecko) PhantomJS/2.1.1 Safari/538.1","webSecurityEnabled":false}
[INFO  - 2017-03-03T06:59:01.501Z] Session [e1a61780-ffde-11e6-8ccf-8d5f72639810] - page.customHeaders:  - {}
[INFO  - 2017-03-03T06:59:01.501Z] Session [e1a61780-ffde-11e6-8ccf-8d5f72639810] - Session.negotiatedCapabilities - {"browserName":"phantomjs","version":"2.1.1","driverName":"ghostdriver","driverVersion":"1.2.0","platform":"windows-10-32bit","javascriptEnabled":true,"takesScreenshot":false,"handlesAlerts":false,"databaseEnabled":false,"locationContextEnabled":false,"applicationCacheEnabled":false,"browserConnectionEnabled":false,"cssSelectorsEnabled":true,"webStorageEnabled":false,"rotatable":false,"acceptSslCerts":false,"nativeEvents":true,"proxy":{"proxyType":"direct"}}
[INFO  - 2017-03-03T06:59:01.503Z] SessionManagerReqHand - _postNewSessionCommand - New Session Created: e1a61780-ffde-11e6-8ccf-8d5f72639810
[INFO  - 2017-03-03T06:59:04.634Z] ShutdownReqHand - _handle - About to shutdown
[INFO  - 2017-03-03T07:00:52.357Z] GhostDriver - Main - running on port 18838
[INFO  - 2017-03-03T07:00:52.931Z] Session [2410a7c0-ffdf-11e6-898b-9f4837c78d7d] - page.settings - {"XSSAuditingEnabled":false,"javascriptCanCloseWindows":true,"javascriptCanOpenWindows":true,"javascriptEnabled":true,"loadImages":true,"localToRemoteUrlAccessEnabled":false,"userAgent":"Mozilla/5.0 (Windows NT 6.2; WOW64) AppleWebKit/538.1 (KHTML, like Gecko) PhantomJS/2.1.1 Safari/538.1","webSecurityEnabled":false}
[INFO  - 2017-03-03T07:00:52.931Z] Session [2410a7c0-ffdf-11e6-898b-9f4837c78d7d] - page.customHeaders:  - {}
[INFO  - 2017-03-03T07:00:52.931Z] Session [2410a7c0-ffdf-11e6-898b-9f4837c78d7d] - Session.negotiatedCapabilities - {"browserName":"phantomjs","version":"2.1.1","driverName":"ghostdriver","driverVersion":"1.2.0","platform":"windows-10-32bit","javascriptEnabled":true,"takesScreenshot":false,"handlesAlerts":false,"databaseEnabled":false,"locationContextEnabled":false,"applicationCacheEnabled":false,"browserConnectionEnabled":false,"cssSelectorsEnabled":true,"webStorageEnabled":false,"rotatable":false,"acceptSslCerts":false,"nativeEvents":true,"proxy":{"proxyType":"direct"}}
[INFO  - 2017-03-03T07:00:52.931Z] SessionManagerReqHand - _postNewSessionCommand - New Session Created: 2410a7c0-ffdf-11e6-898b-9f4837c78d7d
[INFO  - 2017-03-03T07:05:24.094Z] GhostDriver - Main - running on port 34537
[INFO  - 2017-03-03T07:05:24.620Z] Session [c6016970-ffdf-11e6-86c2-f9350e41cbfe] - page.settings - {"XSSAuditingEnabled":false,"javascriptCanCloseWindows":true,"javascriptCanOpenWindows":true,"javascriptEnabled":true,"loadImages":true,"localToRemoteUrlAccessEnabled":false,"userAgent":"Mozilla/5.0 (Windows NT 6.2; WOW64) AppleWebKit/538.1 (KHTML, like Gecko) PhantomJS/2.1.1 Safari/538.1","webSecurityEnabled":false}
[INFO  - 2017-03-03T07:05:24.620Z] Session [c6016970-ffdf-11e6-86c2-f9350e41cbfe] - page.customHeaders:  - {}
[INFO  - 2017-03-03T07:05:24.620Z] Session [c6016970-ffdf-11e6-86c2-f9350e41cbfe] - Session.negotiatedCapabilities - {"browserName":"phantomjs","version":"2.1.1","driverName":"ghostdriver","driverVersion":"1.2.0","platform":"windows-10-32bit","javascriptEnabled":true,"takesScreenshot":false,"handlesAlerts":false,"databaseEnabled":false,"locationContextEnabled":false,"applicationCacheEnabled":false,"browserConnectionEnabled":false,"cssSelectorsEnabled":true,"webStorageEnabled":false,"rotatable":false,"acceptSslCerts":false,"nativeEvents":true,"proxy":{"proxyType":"direct"}}
[INFO  - 2017-03-03T07:05:24.620Z] SessionManagerReqHand - _postNewSessionCommand - New Session Created: c6016970-ffdf-11e6-86c2-f9350e41cbfe
[INFO  - 2017-03-03T07:09:20.460Z] GhostDriver - Main - running on port 34851
[INFO  - 2017-03-03T07:09:20.988Z] Session [52e44e70-ffe0-11e6-bbd3-795e4bffb5e4] - page.settings - {"XSSAuditingEnabled":false,"javascriptCanCloseWindows":true,"javascriptCanOpenWindows":true,"javascriptEnabled":true,"loadImages":true,"localToRemoteUrlAccessEnabled":false,"userAgent":"Mozilla/5.0 (Windows NT 6.2; WOW64) AppleWebKit/538.1 (KHTML, like Gecko) PhantomJS/2.1.1 Safari/538.1","webSecurityEnabled":false}
[INFO  - 2017-03-03T07:09:20.988Z] Session [52e44e70-ffe0-11e6-bbd3-795e4bffb5e4] - page.customHeaders:  - {}
[INFO  - 2017-03-03T07:09:20.988Z] Session [52e44e70-ffe0-11e6-bbd3-795e4bffb5e4] - Session.negotiatedCapabilities - {"browserName":"phantomjs","version":"2.1.1","driverName":"ghostdriver","driverVersion":"1.2.0","platform":"windows-10-32bit","javascriptEnabled":true,"takesScreenshot":false,"handlesAlerts":false,"databaseEnabled":false,"locationContextEnabled":false,"applicationCacheEnabled":false,"browserConnectionEnabled":false,"cssSelectorsEnabled":true,"webStorageEnabled":false,"rotatable":false,"acceptSslCerts":false,"nativeEvents":true,"proxy":{"proxyType":"direct"}}
[INFO  - 2017-03-03T07:09:20.988Z] SessionManagerReqHand - _postNewSessionCommand - New Session Created: 52e44e70-ffe0-11e6-bbd3-795e4bffb5e4
[INFO  - 2017-03-03T07:09:28.341Z] ShutdownReqHand - _handle - About to shutdown
